<?xml version="1.0" encoding="UTF-8"?>
<!-- Generated by org.testng.reporters.JUnitXMLReporter -->
<testsuite ignored="3" hostname="DESKTOP-QFEAF0U" failures="0" tests="0" time="0.007" errors="0" timestamp="2024-04-23T11:50:22 IST">
  <testcase classname="io.stage.hudinielevate.cms.tests.ActivityCalendarPageTest" name="VerifyNewActivityCalendarCreationTest" time="0.0">
    <ignored/>
  </testcase> <!-- VerifyNewActivityCalendarCreationTest -->
  <testcase classname="io.stage.hudinielevate.cms.tests.ActivityCalendarPageTest" name="VerifyNewActivityEditTest" time="0.0">
    <ignored/>
  </testcase> <!-- VerifyNewActivityEditTest -->
  <testcase classname="io.stage.hudinielevate.cms.tests.ActivityCalendarPageTest" name="VerifyNewActivityActivateTest" time="0.0">
    <ignored/>
  </testcase> <!-- VerifyNewActivityActivateTest -->
</testsuite>
