<?xml version="1.0" encoding="UTF-8"?>
<!-- Generated by org.testng.reporters.JUnitXMLReporter -->
<testsuite ignored="0" hostname="DESKTOP-QFEAF0U" failures="0" tests="3" name="ChromeTest" time="244.772" errors="0" timestamp="2024-03-08T17:07:18 IST">
  <testcase classname="io.stage.hudinielevate.cms.tests.RestaurantsTest" name="verifyChefCreationTest" time="57.761"/>
  <testcase classname="io.stage.hudinielevate.cms.tests.RestaurantsTest" name="verifyChefUpdationTest" time="61.746"/>
  <testcase classname="io.stage.hudinielevate.cms.tests.RestaurantsTest" name="verifyChefDeletionTest" time="111.682"/>
</testsuite> <!-- ChromeTest -->
