<?xml version="1.0" encoding="UTF-8"?>
<!-- Generated by org.testng.reporters.JUnitXMLReporter -->
<testsuite ignored="0" hostname="DESKTOP-QFEAF0U" failures="0" tests="11" name="Test" time="327.85" errors="0" timestamp="2024-05-02T16:51:51 IST">
  <testcase classname="io.stage.hudinielevate.cms.tests.TvChannelsPageTest" name="VerifyNewBouquetCreationTest" time="25.901"/>
  <testcase classname="io.stage.hudinielevate.cms.tests.TvChannelsPageTest" name="VerifyNewBouquetEditTest" time="31.562"/>
  <testcase classname="io.stage.hudinielevate.cms.tests.TvChannelsPageTest" name="VerifyNewCategoryCreationTest" time="23.456"/>
  <testcase classname="io.stage.hudinielevate.cms.tests.TvChannelsPageTest" name="VerifyNewCategoryEditedTest" time="25.616"/>
  <testcase classname="io.stage.hudinielevate.cms.tests.TvChannelsPageTest" name="VerifyNewChannelCreationTest" time="24.971"/>
  <testcase classname="io.stage.hudinielevate.cms.tests.TvChannelsPageTest" name="VerifyNewChannelEditTest" time="27.036"/>
  <testcase classname="io.stage.hudinielevate.cms.tests.TvChannelsPageTest" name="VerifyNewChannelDeactivateTest" time="24.958"/>
  <testcase classname="io.stage.hudinielevate.cms.tests.TvChannelsPageTest" name="VerifyNewChannelDeleteTest" time="25.421"/>
  <testcase classname="io.stage.hudinielevate.cms.tests.TvChannelsPageTest" name="VerifyNewCategoryDeactivateTest" time="25.251"/>
  <testcase classname="io.stage.hudinielevate.cms.tests.TvChannelsPageTest" name="VerifyNewCategoryDeletedTest" time="25.185"/>
  <testcase classname="io.stage.hudinielevate.cms.tests.TvChannelsPageTest" name="VerifyNewBouquetDeleteTest" time="29.371"/>
</testsuite> <!-- Test -->
