<?xml version="1.0" encoding="UTF-8"?>
<!-- Generated by org.testng.reporters.JUnitXMLReporter -->
<testsuite ignored="1" hostname="DESKTOP-QFEAF0U" failures="0" tests="1" name="Test" time="35.664" errors="0" timestamp="2024-04-24T16:21:35 IST">
  <testcase classname="io.stage.hudinielevate.cms.tests.DesignConfigsTest" name="verifyAddComponentsTest" time="30.981"/>
  <testcase classname="io.stage.hudinielevate.cms.tests.DesignConfigsTest" name="verifyDesignConfigPageCreationTest" time="0.0">
    <ignored/>
  </testcase> <!-- verifyDesignConfigPageCreationTest -->
</testsuite> <!-- Test -->
