<?xml version="1.0" encoding="UTF-8"?>
<testng-results ignored="0" total="11" passed="11" failed="0" skipped="0">
  <reporter-output>
  </reporter-output>
  <suite started-at="2024-05-02T16:46:23 IST" name="Suite" finished-at="2024-05-02T16:51:51 IST" duration-ms="327850">
    <groups>
    </groups>
    <test started-at="2024-05-02T16:46:23 IST" name="Test" finished-at="2024-05-02T16:51:51 IST" duration-ms="327850">
      <class name="io.stage.hudinielevate.cms.tests.TvChannelsPageTest">
        <test-method is-config="true" signature="setUp(java.lang.String)[pri:0, instance:io.stage.hudinielevate.cms.tests.TvChannelsPageTest@4816278d]" started-at="2024-05-02T16:46:23 IST" name="setUp" finished-at="2024-05-02T16:46:27 IST" duration-ms="4030" status="PASS">
          <params>
            <param index="0">
              <value>
                <![CDATA[chrome]]>
              </value>
            </param>
          </params>
          <reporter-output>
          </reporter-output>
        </test-method> <!-- setUp -->
        <test-method signature="VerifyNewBouquetCreationTest()[pri:1, instance:io.stage.hudinielevate.cms.tests.TvChannelsPageTest@4816278d]" started-at="2024-05-02T16:46:27 IST" name="VerifyNewBouquetCreationTest" finished-at="2024-05-02T16:46:53 IST" duration-ms="25901" status="PASS">
          <reporter-output>
          </reporter-output>
        </test-method> <!-- VerifyNewBouquetCreationTest -->
        <test-method is-config="true" signature="tearDown()[pri:0, instance:io.stage.hudinielevate.cms.tests.TvChannelsPageTest@4816278d]" started-at="2024-05-02T16:46:53 IST" name="tearDown" finished-at="2024-05-02T16:46:53 IST" duration-ms="153" status="PASS">
          <reporter-output>
          </reporter-output>
        </test-method> <!-- tearDown -->
        <test-method is-config="true" signature="setUp(java.lang.String)[pri:0, instance:io.stage.hudinielevate.cms.tests.TvChannelsPageTest@4816278d]" started-at="2024-05-02T16:46:53 IST" name="setUp" finished-at="2024-05-02T16:46:57 IST" duration-ms="3285" status="PASS">
          <params>
            <param index="0">
              <value>
                <![CDATA[chrome]]>
              </value>
            </param>
          </params>
          <reporter-output>
          </reporter-output>
        </test-method> <!-- setUp -->
        <test-method signature="VerifyNewBouquetEditTest()[pri:2, instance:io.stage.hudinielevate.cms.tests.TvChannelsPageTest@4816278d]" started-at="2024-05-02T16:46:57 IST" name="VerifyNewBouquetEditTest" finished-at="2024-05-02T16:47:28 IST" duration-ms="31562" status="PASS">
          <reporter-output>
          </reporter-output>
        </test-method> <!-- VerifyNewBouquetEditTest -->
        <test-method is-config="true" signature="tearDown()[pri:0, instance:io.stage.hudinielevate.cms.tests.TvChannelsPageTest@4816278d]" started-at="2024-05-02T16:47:28 IST" name="tearDown" finished-at="2024-05-02T16:47:28 IST" duration-ms="154" status="PASS">
          <reporter-output>
          </reporter-output>
        </test-method> <!-- tearDown -->
        <test-method is-config="true" signature="setUp(java.lang.String)[pri:0, instance:io.stage.hudinielevate.cms.tests.TvChannelsPageTest@4816278d]" started-at="2024-05-02T16:47:28 IST" name="setUp" finished-at="2024-05-02T16:47:32 IST" duration-ms="3772" status="PASS">
          <params>
            <param index="0">
              <value>
                <![CDATA[chrome]]>
              </value>
            </param>
          </params>
          <reporter-output>
          </reporter-output>
        </test-method> <!-- setUp -->
        <test-method signature="VerifyNewCategoryCreationTest()[pri:3, instance:io.stage.hudinielevate.cms.tests.TvChannelsPageTest@4816278d]" started-at="2024-05-02T16:47:32 IST" name="VerifyNewCategoryCreationTest" finished-at="2024-05-02T16:47:56 IST" duration-ms="23456" status="PASS">
          <reporter-output>
          </reporter-output>
        </test-method> <!-- VerifyNewCategoryCreationTest -->
        <test-method is-config="true" signature="tearDown()[pri:0, instance:io.stage.hudinielevate.cms.tests.TvChannelsPageTest@4816278d]" started-at="2024-05-02T16:47:56 IST" name="tearDown" finished-at="2024-05-02T16:47:56 IST" duration-ms="150" status="PASS">
          <reporter-output>
          </reporter-output>
        </test-method> <!-- tearDown -->
        <test-method is-config="true" signature="setUp(java.lang.String)[pri:0, instance:io.stage.hudinielevate.cms.tests.TvChannelsPageTest@4816278d]" started-at="2024-05-02T16:47:56 IST" name="setUp" finished-at="2024-05-02T16:47:59 IST" duration-ms="3368" status="PASS">
          <params>
            <param index="0">
              <value>
                <![CDATA[chrome]]>
              </value>
            </param>
          </params>
          <reporter-output>
          </reporter-output>
        </test-method> <!-- setUp -->
        <test-method signature="VerifyNewCategoryEditedTest()[pri:4, instance:io.stage.hudinielevate.cms.tests.TvChannelsPageTest@4816278d]" started-at="2024-05-02T16:47:59 IST" name="VerifyNewCategoryEditedTest" finished-at="2024-05-02T16:48:25 IST" duration-ms="25616" status="PASS">
          <reporter-output>
          </reporter-output>
        </test-method> <!-- VerifyNewCategoryEditedTest -->
        <test-method is-config="true" signature="tearDown()[pri:0, instance:io.stage.hudinielevate.cms.tests.TvChannelsPageTest@4816278d]" started-at="2024-05-02T16:48:25 IST" name="tearDown" finished-at="2024-05-02T16:48:25 IST" duration-ms="123" status="PASS">
          <reporter-output>
          </reporter-output>
        </test-method> <!-- tearDown -->
        <test-method is-config="true" signature="setUp(java.lang.String)[pri:0, instance:io.stage.hudinielevate.cms.tests.TvChannelsPageTest@4816278d]" started-at="2024-05-02T16:48:25 IST" name="setUp" finished-at="2024-05-02T16:48:28 IST" duration-ms="3243" status="PASS">
          <params>
            <param index="0">
              <value>
                <![CDATA[chrome]]>
              </value>
            </param>
          </params>
          <reporter-output>
          </reporter-output>
        </test-method> <!-- setUp -->
        <test-method signature="VerifyNewChannelCreationTest()[pri:5, instance:io.stage.hudinielevate.cms.tests.TvChannelsPageTest@4816278d]" started-at="2024-05-02T16:48:28 IST" name="VerifyNewChannelCreationTest" finished-at="2024-05-02T16:48:53 IST" duration-ms="24971" status="PASS">
          <reporter-output>
          </reporter-output>
        </test-method> <!-- VerifyNewChannelCreationTest -->
        <test-method is-config="true" signature="tearDown()[pri:0, instance:io.stage.hudinielevate.cms.tests.TvChannelsPageTest@4816278d]" started-at="2024-05-02T16:48:53 IST" name="tearDown" finished-at="2024-05-02T16:48:53 IST" duration-ms="143" status="PASS">
          <reporter-output>
          </reporter-output>
        </test-method> <!-- tearDown -->
        <test-method is-config="true" signature="setUp(java.lang.String)[pri:0, instance:io.stage.hudinielevate.cms.tests.TvChannelsPageTest@4816278d]" started-at="2024-05-02T16:48:53 IST" name="setUp" finished-at="2024-05-02T16:48:57 IST" duration-ms="3367" status="PASS">
          <params>
            <param index="0">
              <value>
                <![CDATA[chrome]]>
              </value>
            </param>
          </params>
          <reporter-output>
          </reporter-output>
        </test-method> <!-- setUp -->
        <test-method signature="VerifyNewChannelEditTest()[pri:6, instance:io.stage.hudinielevate.cms.tests.TvChannelsPageTest@4816278d]" started-at="2024-05-02T16:48:57 IST" name="VerifyNewChannelEditTest" finished-at="2024-05-02T16:49:24 IST" duration-ms="27036" status="PASS">
          <reporter-output>
          </reporter-output>
        </test-method> <!-- VerifyNewChannelEditTest -->
        <test-method is-config="true" signature="tearDown()[pri:0, instance:io.stage.hudinielevate.cms.tests.TvChannelsPageTest@4816278d]" started-at="2024-05-02T16:49:24 IST" name="tearDown" finished-at="2024-05-02T16:49:24 IST" duration-ms="155" status="PASS">
          <reporter-output>
          </reporter-output>
        </test-method> <!-- tearDown -->
        <test-method is-config="true" signature="setUp(java.lang.String)[pri:0, instance:io.stage.hudinielevate.cms.tests.TvChannelsPageTest@4816278d]" started-at="2024-05-02T16:49:24 IST" name="setUp" finished-at="2024-05-02T16:49:27 IST" duration-ms="3268" status="PASS">
          <params>
            <param index="0">
              <value>
                <![CDATA[chrome]]>
              </value>
            </param>
          </params>
          <reporter-output>
          </reporter-output>
        </test-method> <!-- setUp -->
        <test-method signature="VerifyNewChannelDeactivateTest()[pri:7, instance:io.stage.hudinielevate.cms.tests.TvChannelsPageTest@4816278d]" started-at="2024-05-02T16:49:27 IST" name="VerifyNewChannelDeactivateTest" finished-at="2024-05-02T16:49:52 IST" duration-ms="24958" status="PASS">
          <reporter-output>
          </reporter-output>
        </test-method> <!-- VerifyNewChannelDeactivateTest -->
        <test-method is-config="true" signature="tearDown()[pri:0, instance:io.stage.hudinielevate.cms.tests.TvChannelsPageTest@4816278d]" started-at="2024-05-02T16:49:52 IST" name="tearDown" finished-at="2024-05-02T16:49:52 IST" duration-ms="138" status="PASS">
          <reporter-output>
          </reporter-output>
        </test-method> <!-- tearDown -->
        <test-method is-config="true" signature="setUp(java.lang.String)[pri:0, instance:io.stage.hudinielevate.cms.tests.TvChannelsPageTest@4816278d]" started-at="2024-05-02T16:49:52 IST" name="setUp" finished-at="2024-05-02T16:49:55 IST" duration-ms="3277" status="PASS">
          <params>
            <param index="0">
              <value>
                <![CDATA[chrome]]>
              </value>
            </param>
          </params>
          <reporter-output>
          </reporter-output>
        </test-method> <!-- setUp -->
        <test-method signature="VerifyNewChannelDeleteTest()[pri:8, instance:io.stage.hudinielevate.cms.tests.TvChannelsPageTest@4816278d]" started-at="2024-05-02T16:49:55 IST" name="VerifyNewChannelDeleteTest" finished-at="2024-05-02T16:50:21 IST" duration-ms="25421" status="PASS">
          <reporter-output>
          </reporter-output>
        </test-method> <!-- VerifyNewChannelDeleteTest -->
        <test-method is-config="true" signature="tearDown()[pri:0, instance:io.stage.hudinielevate.cms.tests.TvChannelsPageTest@4816278d]" started-at="2024-05-02T16:50:21 IST" name="tearDown" finished-at="2024-05-02T16:50:21 IST" duration-ms="111" status="PASS">
          <reporter-output>
          </reporter-output>
        </test-method> <!-- tearDown -->
        <test-method is-config="true" signature="setUp(java.lang.String)[pri:0, instance:io.stage.hudinielevate.cms.tests.TvChannelsPageTest@4816278d]" started-at="2024-05-02T16:50:21 IST" name="setUp" finished-at="2024-05-02T16:50:24 IST" duration-ms="3321" status="PASS">
          <params>
            <param index="0">
              <value>
                <![CDATA[chrome]]>
              </value>
            </param>
          </params>
          <reporter-output>
          </reporter-output>
        </test-method> <!-- setUp -->
        <test-method signature="VerifyNewCategoryDeactivateTest()[pri:9, instance:io.stage.hudinielevate.cms.tests.TvChannelsPageTest@4816278d]" started-at="2024-05-02T16:50:24 IST" name="VerifyNewCategoryDeactivateTest" finished-at="2024-05-02T16:50:49 IST" duration-ms="25251" status="PASS">
          <reporter-output>
          </reporter-output>
        </test-method> <!-- VerifyNewCategoryDeactivateTest -->
        <test-method is-config="true" signature="tearDown()[pri:0, instance:io.stage.hudinielevate.cms.tests.TvChannelsPageTest@4816278d]" started-at="2024-05-02T16:50:49 IST" name="tearDown" finished-at="2024-05-02T16:50:50 IST" duration-ms="140" status="PASS">
          <reporter-output>
          </reporter-output>
        </test-method> <!-- tearDown -->
        <test-method is-config="true" signature="setUp(java.lang.String)[pri:0, instance:io.stage.hudinielevate.cms.tests.TvChannelsPageTest@4816278d]" started-at="2024-05-02T16:50:50 IST" name="setUp" finished-at="2024-05-02T16:50:53 IST" duration-ms="3279" status="PASS">
          <params>
            <param index="0">
              <value>
                <![CDATA[chrome]]>
              </value>
            </param>
          </params>
          <reporter-output>
          </reporter-output>
        </test-method> <!-- setUp -->
        <test-method signature="VerifyNewCategoryDeletedTest()[pri:10, instance:io.stage.hudinielevate.cms.tests.TvChannelsPageTest@4816278d]" started-at="2024-05-02T16:50:53 IST" name="VerifyNewCategoryDeletedTest" finished-at="2024-05-02T16:51:18 IST" duration-ms="25185" status="PASS">
          <reporter-output>
          </reporter-output>
        </test-method> <!-- VerifyNewCategoryDeletedTest -->
        <test-method is-config="true" signature="tearDown()[pri:0, instance:io.stage.hudinielevate.cms.tests.TvChannelsPageTest@4816278d]" started-at="2024-05-02T16:51:18 IST" name="tearDown" finished-at="2024-05-02T16:51:18 IST" duration-ms="140" status="PASS">
          <reporter-output>
          </reporter-output>
        </test-method> <!-- tearDown -->
        <test-method is-config="true" signature="setUp(java.lang.String)[pri:0, instance:io.stage.hudinielevate.cms.tests.TvChannelsPageTest@4816278d]" started-at="2024-05-02T16:51:18 IST" name="setUp" finished-at="2024-05-02T16:51:22 IST" duration-ms="3324" status="PASS">
          <params>
            <param index="0">
              <value>
                <![CDATA[chrome]]>
              </value>
            </param>
          </params>
          <reporter-output>
          </reporter-output>
        </test-method> <!-- setUp -->
        <test-method signature="VerifyNewBouquetDeleteTest()[pri:11, instance:io.stage.hudinielevate.cms.tests.TvChannelsPageTest@4816278d]" started-at="2024-05-02T16:51:22 IST" name="VerifyNewBouquetDeleteTest" finished-at="2024-05-02T16:51:51 IST" duration-ms="29371" status="PASS">
          <reporter-output>
          </reporter-output>
        </test-method> <!-- VerifyNewBouquetDeleteTest -->
        <test-method is-config="true" signature="tearDown()[pri:0, instance:io.stage.hudinielevate.cms.tests.TvChannelsPageTest@4816278d]" started-at="2024-05-02T16:51:51 IST" name="tearDown" finished-at="2024-05-02T16:51:51 IST" duration-ms="135" status="PASS">
          <reporter-output>
          </reporter-output>
        </test-method> <!-- tearDown -->
      </class> <!-- io.stage.hudinielevate.cms.tests.TvChannelsPageTest -->
    </test> <!-- Test -->
  </suite> <!-- Suite -->
</testng-results>
