<?xml version="1.0" encoding="UTF-8"?>
<testng-results ignored="1" total="2" passed="1" failed="0" skipped="0">
  <reporter-output>
  </reporter-output>
  <suite started-at="2024-04-24T16:20:59 IST" name="Suite" finished-at="2024-04-24T16:21:35 IST" duration-ms="35664">
    <groups>
    </groups>
    <test started-at="2024-04-24T16:20:59 IST" name="Test" finished-at="2024-04-24T16:21:35 IST" duration-ms="35664">
      <class name="io.stage.hudinielevate.cms.tests.DesignConfigsTest">
        <test-method is-config="true" signature="setUp(java.lang.String)[pri:0, instance:io.stage.hudinielevate.cms.tests.DesignConfigsTest@662706a7]" started-at="2024-04-24T16:20:59 IST" name="setUp" finished-at="2024-04-24T16:21:04 IST" duration-ms="4643" status="PASS">
          <params>
            <param index="0">
              <value>
                <![CDATA[chrome]]>
              </value>
            </param>
          </params>
          <reporter-output>
          </reporter-output>
        </test-method> <!-- setUp -->
        <test-method signature="verifyAddComponentsTest()[pri:2, instance:io.stage.hudinielevate.cms.tests.DesignConfigsTest@662706a7]" started-at="2024-04-24T16:21:04 IST" name="verifyAddComponentsTest" finished-at="2024-04-24T16:21:35 IST" duration-ms="30981" status="PASS">
          <reporter-output>
          </reporter-output>
        </test-method> <!-- verifyAddComponentsTest -->
      </class> <!-- io.stage.hudinielevate.cms.tests.DesignConfigsTest -->
    </test> <!-- Test -->
  </suite> <!-- Suite -->
</testng-results>
